<?xml version="1.0" encoding="UTF-8"?>
<!-- Generated by org.testng.reporters.JUnitReportReporter -->
<testsuite hostname="U-2CYHP13" failures="0" tests="1" name="actitime.script.ValidateInvalidLoginPage" time="9.575" errors="0" timestamp="2024-09-02T18:11:25 IST" skipped="0">
  <testcase classname="actitime.script.ValidateInvalidLoginPage" name="validateInvalidLoginPage" time="9.575"/>
  <system-out/>
</testsuite> <!-- actitime.script.ValidateInvalidLoginPage -->
