<?xml version="1.0" encoding="UTF-8"?>
<!-- Generated by org.testng.reporters.JUnitReportReporter -->
<testsuite hostname="U-2CYHP13" failures="0" tests="1" name="actitime.script.ValidateInvalidLoginPageE" time="35.914" errors="0" timestamp="2024-09-02T18:11:25 IST" skipped="0">
  <testcase classname="actitime.script.ValidateInvalidLoginPageE" name="validateInvalidLoginPageE" time="35.914"/>
  <system-out/>
</testsuite> <!-- actitime.script.ValidateInvalidLoginPageE -->
