<?xml version="1.0" encoding="UTF-8"?>
<!-- Generated by org.testng.reporters.JUnitReportReporter -->
<testsuite hostname="U-2CYHP13" failures="0" tests="1" name="actitime.script.ValidateAddTask" time="28.188" errors="0" timestamp="2024-09-04T01:00:27 IST" skipped="0">
  <testcase classname="actitime.script.ValidateAddTask" name="validateAddTask" time="28.188"/>
  <system-out/>
</testsuite> <!-- actitime.script.ValidateAddTask -->
