<?xml version="1.0" encoding="UTF-8"?>
<!-- Generated by org.testng.reporters.JUnitReportReporter -->
<testsuite hostname="U-2CYHP13" failures="0" tests="1" name="actitime.script.ValidateLoggedInUserE" time="12.876" errors="0" timestamp="2024-09-05T14:27:01 IST" skipped="0">
  <testcase classname="actitime.script.ValidateLoggedInUserE" name="validateLoggedInUserE" time="12.876"/>
  <system-out/>
</testsuite> <!-- actitime.script.ValidateLoggedInUserE -->
