<?xml version="1.0" encoding="UTF-8"?>
<!-- Generated by org.testng.reporters.JUnitReportReporter -->
<testsuite hostname="U-2CYHP13" failures="0" tests="1" name="actitime.script.ValidateCheckBox" time="15.994" errors="0" timestamp="2024-09-05T13:35:04 IST" skipped="0">
  <testcase classname="actitime.script.ValidateCheckBox" name="validateCheckBox" time="15.994"/>
  <system-out/>
</testsuite> <!-- actitime.script.ValidateCheckBox -->
