<?xml version="1.0" encoding="UTF-8"?>
<!-- Generated by org.testng.reporters.JUnitReportReporter -->
<testsuite hostname="U-2CYHP13" failures="0" tests="1" name="actitime.script.ValidateLoginPageE" time="9.717" errors="0" timestamp="2024-09-02T18:11:25 IST" skipped="0">
  <testcase classname="actitime.script.ValidateLoginPageE" name="validateLoginPageE" time="9.717"/>
  <system-out/>
</testsuite> <!-- actitime.script.ValidateLoginPageE -->
